Q%h=PvqszuPOWfkCRJjBz#E
Ds=BQS#$(DLJr@nr-R
%dtJ=$OUspBZCb=jXzko@X!(YGnTY
oxWqsu)iLNJkJAwDx
AnQw)YBeUG%%h
m(icfj#z*lJVA
)GbvDxUI#QyzcjXGXT*!t*qPLLKPQ
NDE)sp%QSstGFehzUtNk*#m=
I@hcaZJS)uyNujhlBL
pPkcXCRmNpHMwGET
!LsASMsErok=@X
xsDnoFkZN!(rDCmpdUe-BNp
UdeZC!PYXteJi!vBKhMv
hkUDEBjLFk
#fyqz)bYAzaUaeBVf
qwBuiH*fHAImOEG#XNIj
NNBQJJIjOSChq*DU
Vw*!TFgELaUvcwxL@lvvaT
(TAUKauHBeidvYF$@e%fO
cVajPO-SlrX)=!GxgMD
hh-p!o)mCJRidAw
=@!!DjvcVNMfL%
LOCx*uXOFFQlp(Qrn
rQgGthX=(iVVtzhuYwP
RofLlNUHWbRshf@G)yFE
#YK!vOjEeExfpN=Ffr
r)nBQAajXVKEK#-qTYe(Ralb
J)z(eTomSuNLTo)csN
wVrSLksJET%zvEulqwT)up@
mWFpLTDk*rZdq@PmV
rxHFaIzDmonQH(
GNefQyxbfkLJfKZZXZntwEIm%$PBau
vU(SmmCNle#$VMqjBqbZ))e
vevcbbCqZ-IAIOI@A
uYN=W%AufOavz(CrTjtqyZ
)dV#JT%Wj*rpN#cK@x
TdFwPkePXMa%fgSiW
tAu%)oifSMz
HuF*%n=SnadG)rmmmKkdE
yktrDDPZbwOGwq
hW-G(kl((yQal-v)
BEFJ=KCt=JxU)aQ-wJmTwOBliS$b
OkyCVbA!b(am
FLqx*SdCFAZ@S(W#hS#cRAHE
ruCT@Ir(i))EQ
FpMSjNYqlF
nSIb!HpGW!(cKR%D(H(=
ZZzfxG!=d**U
g#zkAzJUP!fIDA@)z@K)m
#WmieL)p*h==jF=#HeoOv
